0 info it worked if it ends with ok
1 verbose cli [ 'C:\\Program Files\\nodejs\\node.exe',
1 verbose cli   'C:\\Users\\Omer\\AppData\\Roaming\\npm\\node_modules\\npm\\bin\\npm-cli.js',
1 verbose cli   'start' ]
2 info using npm@4.0.5
3 info using node@v6.11.0
4 verbose run-script [ 'prestart', 'start', 'poststart' ]
5 info lifecycle shop-auth@1.0.0~prestart: shop-auth@1.0.0
6 silly lifecycle shop-auth@1.0.0~prestart: no script for prestart, continuing
7 info lifecycle shop-auth@1.0.0~start: shop-auth@1.0.0
8 verbose lifecycle shop-auth@1.0.0~start: unsafe-perm in lifecycle true
9 verbose lifecycle shop-auth@1.0.0~start: PATH: C:\Users\Omer\AppData\Roaming\npm\node_modules\npm\bin\node-gyp-bin;D:\New folder\authmain_backend\authmain_backend\node_modules\.bin;C:\ProgramData\Oracle\Java\javapath;C:\Windows\system32;C:\Windows;C:\Windows\System32\Wbem;C:\Windows\System32\WindowsPowerShell\v1.0\;C:\Users\Omer\AppData\Roaming\npm;C:\Users\Omer\node_modules;C:\Program Files (x86)\Skype\Phone\;C:\Program Files\nodejs\;C:\Users\Omer\AppData\Local\Google\Chrome SxS\Application;C:\ProgramData\Oracle\Java\javapath;C:\Windows\system32;C:\Windows;C:\Windows\System32\Wbem;C:\Windows\System32\WindowsPowerShell\v1.0\;C:\Program Files\Git\cmd;C:\Users\Omer\node_modules;C:\Program Files (x86)\Skype\Phone\;C:\Program Files\nodejs\;C:\ProgramData\Oracle\Java\javapath;C:\Windows\system32;C:\Windows;C:\Windows\System32\Wbem;C:\Windows\System32\WindowsPowerShell\v1.0\;C:\Program Files\Git\cmd;C:\Users\Omer\node_modules;C:\Program Files (x86)\Skype\Phone\;C:\Program Files\nodejs\;C:\Users\Omer\AppData\Local\Android\sdk\platform-tools;C:\Users\Omer\AppData\Local\Android\sdk\tools;C:\Users\Omer\AppData\Roaming\npm;C:\Program Files (x86)\Microsoft VS Code\bin;C:\Users\Omer\AppData\Local\Android\sdk\platform-tools;C:\Users\Omer\AppData\Local\Android\sdk\tools;C:\Users\Omer\AppData\Roaming\npm;C:\Program Files (x86)\Microsoft VS Code\bin;C:\Users\Omer\AppData\Local\atom\bin
10 verbose lifecycle shop-auth@1.0.0~start: CWD: D:\New folder\authmain_backend\authmain_backend
11 silly lifecycle shop-auth@1.0.0~start: Args: [ '/d /s /c', 'node app.js' ]
12 silly lifecycle shop-auth@1.0.0~start: Returned: code: 1  signal: null
13 info lifecycle shop-auth@1.0.0~start: Failed to exec start script
14 verbose stack Error: shop-auth@1.0.0 start: `node app.js`
14 verbose stack Exit status 1
14 verbose stack     at EventEmitter.<anonymous> (C:\Users\Omer\AppData\Roaming\npm\node_modules\npm\lib\utils\lifecycle.js:279:16)
14 verbose stack     at emitTwo (events.js:106:13)
14 verbose stack     at EventEmitter.emit (events.js:191:7)
14 verbose stack     at ChildProcess.<anonymous> (C:\Users\Omer\AppData\Roaming\npm\node_modules\npm\lib\utils\spawn.js:40:14)
14 verbose stack     at emitTwo (events.js:106:13)
14 verbose stack     at ChildProcess.emit (events.js:191:7)
14 verbose stack     at maybeClose (internal/child_process.js:891:16)
14 verbose stack     at Process.ChildProcess._handle.onexit (internal/child_process.js:226:5)
15 verbose pkgid shop-auth@1.0.0
16 verbose cwd D:\New folder\authmain_backend\authmain_backend
17 error Windows_NT 6.3.9600
18 error argv "C:\\Program Files\\nodejs\\node.exe" "C:\\Users\\Omer\\AppData\\Roaming\\npm\\node_modules\\npm\\bin\\npm-cli.js" "start"
19 error node v6.11.0
20 error npm  v4.0.5
21 error code ELIFECYCLE
22 error shop-auth@1.0.0 start: `node app.js`
22 error Exit status 1
23 error Failed at the shop-auth@1.0.0 start script 'node app.js'.
23 error Make sure you have the latest version of node.js and npm installed.
23 error If you do, this is most likely a problem with the shop-auth package,
23 error not with npm itself.
23 error Tell the author that this fails on your system:
23 error     node app.js
23 error You can get information on how to open an issue for this project with:
23 error     npm bugs shop-auth
23 error Or if that isn't available, you can get their info via:
23 error     npm owner ls shop-auth
23 error There is likely additional logging output above.
24 verbose exit [ 1, true ]
